Start auto log messages stack - Iteration 1.	[MsgId: MMSG-10545]
Action.c(20): Found resource "https://www.vfsglobalirelandvisa.com/images/peru.jpg" in HTML "https://www.vfsglobalirelandvisa.com/"  	[MsgId: MMSG-26659]
Action.c(20): Found resource "https://www.vfsglobalirelandvisa.com/images/qatar.jpg" in HTML "https://www.vfsglobalirelandvisa.com/"  	[MsgId: MMSG-26659]
Action.c(20): Found resource "https://www.vfsglobalirelandvisa.com/images/turkey.jpg" in HTML "https://www.vfsglobalirelandvisa.com/"  	[MsgId: MMSG-26659]
Action.c(20): Downloading resource "https://www.vfsglobalirelandvisa.com/images/ireland.png" (specified by argument number 9)  	[MsgId: MMSG-26577]
Action.c(20): Downloading resource "https://www.vfsglobalirelandvisa.com/images/bg.png" (specified by argument number 12)  	[MsgId: MMSG-26577]
Action.c(20): Error -27720: Step download timeout (120 seconds) has expired when downloading resource "https://www.vfsglobalirelandvisa.com/images/ireland.png". Set the "Step Timeout caused by resources is a warning" Runtime Setting to Yes/No to have this message as a warning/error, respectively  	[MsgId: MERR-27720]
End auto log messages stack.	[MsgId: MMSG-10544]


Start auto log messages stack - Iteration 1.	[MsgId: MMSG-10545]
Action.c(20): Found resource "https://www.vfsglobalirelandvisa.com/images/peru.jpg" in HTML "https://www.vfsglobalirelandvisa.com/"  	[MsgId: MMSG-26659]
Action.c(20): Found resource "https://www.vfsglobalirelandvisa.com/images/qatar.jpg" in HTML "https://www.vfsglobalirelandvisa.com/"  	[MsgId: MMSG-26659]
Action.c(20): Found resource "https://www.vfsglobalirelandvisa.com/images/turkey.jpg" in HTML "https://www.vfsglobalirelandvisa.com/"  	[MsgId: MMSG-26659]
Action.c(20): Downloading resource "https://www.vfsglobalirelandvisa.com/images/ireland.png" (specified by argument number 9)  	[MsgId: MMSG-26577]
Action.c(20): Downloading resource "https://www.vfsglobalirelandvisa.com/images/bg.png" (specified by argument number 12)  	[MsgId: MMSG-26577]
Action.c(20): Error -27720: Step download timeout (120 seconds) has expired when downloading resource "https://www.vfsglobalirelandvisa.com/images/ireland.png". Set the "Step Timeout caused by resources is a warning" Runtime Setting to Yes/No to have this message as a warning/error, respectively  	[MsgId: MERR-27720]
End auto log messages stack.	[MsgId: MMSG-10544]


Start auto log messages stack - Iteration 1.	[MsgId: MMSG-10545]
Action.c(20): Found resource "https://www.vfsglobalirelandvisa.com/images/peru.jpg" in HTML "https://www.vfsglobalirelandvisa.com/"  	[MsgId: MMSG-26659]
Action.c(20): Found resource "https://www.vfsglobalirelandvisa.com/images/qatar.jpg" in HTML "https://www.vfsglobalirelandvisa.com/"  	[MsgId: MMSG-26659]
Action.c(20): Found resource "https://www.vfsglobalirelandvisa.com/images/turkey.jpg" in HTML "https://www.vfsglobalirelandvisa.com/"  	[MsgId: MMSG-26659]
Action.c(20): Downloading resource "https://www.vfsglobalirelandvisa.com/images/ireland.png" (specified by argument number 9)  	[MsgId: MMSG-26577]
Action.c(20): Downloading resource "https://www.vfsglobalirelandvisa.com/images/bg.png" (specified by argument number 12)  	[MsgId: MMSG-26577]
Action.c(20): Error -27720: Step download timeout (120 seconds) has expired when downloading resource "https://www.vfsglobalirelandvisa.com/images/ireland.png". Set the "Step Timeout caused by resources is a warning" Runtime Setting to Yes/No to have this message as a warning/error, respectively  	[MsgId: MERR-27720]
End auto log messages stack.	[MsgId: MMSG-10544]


Start auto log messages stack - Iteration 2.	[MsgId: MMSG-10545]
Action.c(8): web_add_auto_header("Sec-Fetch-Site") was successful  	[MsgId: MMSG-26392]
Action.c(11): web_add_auto_header("Sec-Fetch-Mode") started  	[MsgId: MMSG-26355]
Action.c(11): web_add_auto_header("Sec-Fetch-Mode") was successful  	[MsgId: MMSG-26392]
Action.c(14): web_add_header("Sec-Fetch-User") started  	[MsgId: MMSG-26355]
Action.c(14): web_add_header("Sec-Fetch-User") was successful  	[MsgId: MMSG-26392]
Action.c(17): web_add_header("Upgrade-Insecure-Requests") started  	[MsgId: MMSG-26355]
Action.c(17): web_add_header("Upgrade-Insecure-Requests") was successful  	[MsgId: MMSG-26392]
Action.c(20): web_url("www.vfsglobalirelandvisa.com") started  	[MsgId: MMSG-26355]
Action.c(20): Error -27792: Failed to connect to server "www.vfsglobalirelandvisa.com:443": [10060] Connection timed out  	[MsgId: MERR-27792]
End auto log messages stack.	[MsgId: MMSG-10544]


Start auto log messages stack - Iteration 1.	[MsgId: MMSG-10545]
Action.c(20): Found resource "https://www.vfsglobalirelandvisa.com/images/peru.jpg" in HTML "https://www.vfsglobalirelandvisa.com/"  	[MsgId: MMSG-26659]
Action.c(20): Found resource "https://www.vfsglobalirelandvisa.com/images/qatar.jpg" in HTML "https://www.vfsglobalirelandvisa.com/"  	[MsgId: MMSG-26659]
Action.c(20): Found resource "https://www.vfsglobalirelandvisa.com/images/turkey.jpg" in HTML "https://www.vfsglobalirelandvisa.com/"  	[MsgId: MMSG-26659]
Action.c(20): Downloading resource "https://www.vfsglobalirelandvisa.com/images/ireland.png" (specified by argument number 9)  	[MsgId: MMSG-26577]
Action.c(20): Downloading resource "https://www.vfsglobalirelandvisa.com/images/bg.png" (specified by argument number 12)  	[MsgId: MMSG-26577]
Action.c(20): Error -27720: Step download timeout (120 seconds) has expired when downloading resource "https://www.vfsglobalirelandvisa.com/images/ireland.png". Set the "Step Timeout caused by resources is a warning" Runtime Setting to Yes/No to have this message as a warning/error, respectively  	[MsgId: MERR-27720]
End auto log messages stack.	[MsgId: MMSG-10544]


Start auto log messages stack - Iteration 2.	[MsgId: MMSG-10545]
Action.c(8): web_add_auto_header("Sec-Fetch-Site") was successful  	[MsgId: MMSG-26392]
Action.c(11): web_add_auto_header("Sec-Fetch-Mode") started  	[MsgId: MMSG-26355]
Action.c(11): web_add_auto_header("Sec-Fetch-Mode") was successful  	[MsgId: MMSG-26392]
Action.c(14): web_add_header("Sec-Fetch-User") started  	[MsgId: MMSG-26355]
Action.c(14): web_add_header("Sec-Fetch-User") was successful  	[MsgId: MMSG-26392]
Action.c(17): web_add_header("Upgrade-Insecure-Requests") started  	[MsgId: MMSG-26355]
Action.c(17): web_add_header("Upgrade-Insecure-Requests") was successful  	[MsgId: MMSG-26392]
Action.c(20): web_url("www.vfsglobalirelandvisa.com") started  	[MsgId: MMSG-26355]
Action.c(20): Error -27792: Failed to connect to server "www.vfsglobalirelandvisa.com:443": [10060] Connection timed out  	[MsgId: MERR-27792]
End auto log messages stack.	[MsgId: MMSG-10544]


Start auto log messages stack - Iteration 2.	[MsgId: MMSG-10545]
Action.c(8): web_add_auto_header("Sec-Fetch-Site") was successful  	[MsgId: MMSG-26392]
Action.c(11): web_add_auto_header("Sec-Fetch-Mode") started  	[MsgId: MMSG-26355]
Action.c(11): web_add_auto_header("Sec-Fetch-Mode") was successful  	[MsgId: MMSG-26392]
Action.c(14): web_add_header("Sec-Fetch-User") started  	[MsgId: MMSG-26355]
Action.c(14): web_add_header("Sec-Fetch-User") was successful  	[MsgId: MMSG-26392]
Action.c(17): web_add_header("Upgrade-Insecure-Requests") started  	[MsgId: MMSG-26355]
Action.c(17): web_add_header("Upgrade-Insecure-Requests") was successful  	[MsgId: MMSG-26392]
Action.c(20): web_url("www.vfsglobalirelandvisa.com") started  	[MsgId: MMSG-26355]
Action.c(20): Error -27792: Failed to connect to server "www.vfsglobalirelandvisa.com:443": [10060] Connection timed out  	[MsgId: MERR-27792]
End auto log messages stack.	[MsgId: MMSG-10544]


Start auto log messages stack - Iteration 2.	[MsgId: MMSG-10545]
Action.c(20): Found resource "https://www.vfsglobalirelandvisa.com/images/peru.jpg" in HTML "https://www.vfsglobalirelandvisa.com/"  	[MsgId: MMSG-26659]
Action.c(20): Found resource "https://www.vfsglobalirelandvisa.com/images/qatar.jpg" in HTML "https://www.vfsglobalirelandvisa.com/"  	[MsgId: MMSG-26659]
Action.c(20): Found resource "https://www.vfsglobalirelandvisa.com/images/turkey.jpg" in HTML "https://www.vfsglobalirelandvisa.com/"  	[MsgId: MMSG-26659]
Action.c(20): Downloading resource "https://www.vfsglobalirelandvisa.com/images/ireland.png" (specified by argument number 9)  	[MsgId: MMSG-26577]
Action.c(20): Downloading resource "https://www.vfsglobalirelandvisa.com/images/bg.png" (specified by argument number 12)  	[MsgId: MMSG-26577]
Action.c(20): Error -27720: Step download timeout (120 seconds) has expired when downloading resource "https://www.vfsglobalirelandvisa.com/images/ireland.png". Set the "Step Timeout caused by resources is a warning" Runtime Setting to Yes/No to have this message as a warning/error, respectively  	[MsgId: MERR-27720]
End auto log messages stack.	[MsgId: MMSG-10544]


Start auto log messages stack - Iteration 3.	[MsgId: MMSG-10545]
Action.c(8): web_add_auto_header("Sec-Fetch-Site") was successful  	[MsgId: MMSG-26392]
Action.c(11): web_add_auto_header("Sec-Fetch-Mode") started  	[MsgId: MMSG-26355]
Action.c(11): web_add_auto_header("Sec-Fetch-Mode") was successful  	[MsgId: MMSG-26392]
Action.c(14): web_add_header("Sec-Fetch-User") started  	[MsgId: MMSG-26355]
Action.c(14): web_add_header("Sec-Fetch-User") was successful  	[MsgId: MMSG-26392]
Action.c(17): web_add_header("Upgrade-Insecure-Requests") started  	[MsgId: MMSG-26355]
Action.c(17): web_add_header("Upgrade-Insecure-Requests") was successful  	[MsgId: MMSG-26392]
Action.c(20): web_url("www.vfsglobalirelandvisa.com") started  	[MsgId: MMSG-26355]
Action.c(20): Error -27792: Failed to connect to server "www.vfsglobalirelandvisa.com:443": [10060] Connection timed out  	[MsgId: MERR-27792]
End auto log messages stack.	[MsgId: MMSG-10544]


Start auto log messages stack - Iteration 1.	[MsgId: MMSG-10545]
Action.c(20): Found resource "https://www.vfsglobalirelandvisa.com/images/peru.jpg" in HTML "https://www.vfsglobalirelandvisa.com/"  	[MsgId: MMSG-26659]
Action.c(20): Found resource "https://www.vfsglobalirelandvisa.com/images/qatar.jpg" in HTML "https://www.vfsglobalirelandvisa.com/"  	[MsgId: MMSG-26659]
Action.c(20): Found resource "https://www.vfsglobalirelandvisa.com/images/turkey.jpg" in HTML "https://www.vfsglobalirelandvisa.com/"  	[MsgId: MMSG-26659]
Action.c(20): Downloading resource "https://www.vfsglobalirelandvisa.com/images/ireland.png" (specified by argument number 9)  	[MsgId: MMSG-26577]
Action.c(20): Downloading resource "https://www.vfsglobalirelandvisa.com/images/bg.png" (specified by argument number 12)  	[MsgId: MMSG-26577]
Action.c(20): Error -27720: Step download timeout (120 seconds) has expired when downloading resource "https://www.vfsglobalirelandvisa.com/images/ireland.png". Set the "Step Timeout caused by resources is a warning" Runtime Setting to Yes/No to have this message as a warning/error, respectively  	[MsgId: MERR-27720]
End auto log messages stack.	[MsgId: MMSG-10544]


Start auto log messages stack - Iteration 1.	[MsgId: MMSG-10545]
Action.c(20): Found resource "https://www.vfsglobalirelandvisa.com/images/peru.jpg" in HTML "https://www.vfsglobalirelandvisa.com/"  	[MsgId: MMSG-26659]
Action.c(20): Found resource "https://www.vfsglobalirelandvisa.com/images/qatar.jpg" in HTML "https://www.vfsglobalirelandvisa.com/"  	[MsgId: MMSG-26659]
Action.c(20): Found resource "https://www.vfsglobalirelandvisa.com/images/turkey.jpg" in HTML "https://www.vfsglobalirelandvisa.com/"  	[MsgId: MMSG-26659]
Action.c(20): Downloading resource "https://www.vfsglobalirelandvisa.com/images/ireland.png" (specified by argument number 9)  	[MsgId: MMSG-26577]
Action.c(20): Downloading resource "https://www.vfsglobalirelandvisa.com/images/bg.png" (specified by argument number 12)  	[MsgId: MMSG-26577]
Action.c(20): Error -27720: Step download timeout (120 seconds) has expired when downloading resource "https://www.vfsglobalirelandvisa.com/images/ireland.png". Set the "Step Timeout caused by resources is a warning" Runtime Setting to Yes/No to have this message as a warning/error, respectively  	[MsgId: MERR-27720]
End auto log messages stack.	[MsgId: MMSG-10544]


Start auto log messages stack - Iteration 2.	[MsgId: MMSG-10545]
Action.c(8): web_add_auto_header("Sec-Fetch-Site") was successful  	[MsgId: MMSG-26392]
Action.c(11): web_add_auto_header("Sec-Fetch-Mode") started  	[MsgId: MMSG-26355]
Action.c(11): web_add_auto_header("Sec-Fetch-Mode") was successful  	[MsgId: MMSG-26392]
Action.c(14): web_add_header("Sec-Fetch-User") started  	[MsgId: MMSG-26355]
Action.c(14): web_add_header("Sec-Fetch-User") was successful  	[MsgId: MMSG-26392]
Action.c(17): web_add_header("Upgrade-Insecure-Requests") started  	[MsgId: MMSG-26355]
Action.c(17): web_add_header("Upgrade-Insecure-Requests") was successful  	[MsgId: MMSG-26392]
Action.c(20): web_url("www.vfsglobalirelandvisa.com") started  	[MsgId: MMSG-26355]
Action.c(20): Error -27792: Failed to connect to server "www.vfsglobalirelandvisa.com:443": [10060] Connection timed out  	[MsgId: MERR-27792]
End auto log messages stack.	[MsgId: MMSG-10544]


Start auto log messages stack - Iteration 2.	[MsgId: MMSG-10545]
Action.c(20): Found resource "https://www.vfsglobalirelandvisa.com/images/peru.jpg" in HTML "https://www.vfsglobalirelandvisa.com/"  	[MsgId: MMSG-26659]
Action.c(20): Found resource "https://www.vfsglobalirelandvisa.com/images/qatar.jpg" in HTML "https://www.vfsglobalirelandvisa.com/"  	[MsgId: MMSG-26659]
Action.c(20): Found resource "https://www.vfsglobalirelandvisa.com/images/turkey.jpg" in HTML "https://www.vfsglobalirelandvisa.com/"  	[MsgId: MMSG-26659]
Action.c(20): Downloading resource "https://www.vfsglobalirelandvisa.com/images/ireland.png" (specified by argument number 9)  	[MsgId: MMSG-26577]
Action.c(20): Downloading resource "https://www.vfsglobalirelandvisa.com/images/bg.png" (specified by argument number 12)  	[MsgId: MMSG-26577]
Action.c(20): Error -27720: Step download timeout (120 seconds) has expired when downloading resource "https://www.vfsglobalirelandvisa.com/images/ireland.png". Set the "Step Timeout caused by resources is a warning" Runtime Setting to Yes/No to have this message as a warning/error, respectively  	[MsgId: MERR-27720]
End auto log messages stack.	[MsgId: MMSG-10544]


Start auto log messages stack - Iteration 3.	[MsgId: MMSG-10545]
Action.c(8): web_add_auto_header("Sec-Fetch-Site") was successful  	[MsgId: MMSG-26392]
Action.c(11): web_add_auto_header("Sec-Fetch-Mode") started  	[MsgId: MMSG-26355]
Action.c(11): web_add_auto_header("Sec-Fetch-Mode") was successful  	[MsgId: MMSG-26392]
Action.c(14): web_add_header("Sec-Fetch-User") started  	[MsgId: MMSG-26355]
Action.c(14): web_add_header("Sec-Fetch-User") was successful  	[MsgId: MMSG-26392]
Action.c(17): web_add_header("Upgrade-Insecure-Requests") started  	[MsgId: MMSG-26355]
Action.c(17): web_add_header("Upgrade-Insecure-Requests") was successful  	[MsgId: MMSG-26392]
Action.c(20): web_url("www.vfsglobalirelandvisa.com") started  	[MsgId: MMSG-26355]
Action.c(20): Error -27792: Failed to connect to server "www.vfsglobalirelandvisa.com:443": [10060] Connection timed out  	[MsgId: MERR-27792]
End auto log messages stack.	[MsgId: MMSG-10544]


Start auto log messages stack - Iteration 3.	[MsgId: MMSG-10545]
Action.c(8): web_add_auto_header("Sec-Fetch-Site") was successful  	[MsgId: MMSG-26392]
Action.c(11): web_add_auto_header("Sec-Fetch-Mode") started  	[MsgId: MMSG-26355]
Action.c(11): web_add_auto_header("Sec-Fetch-Mode") was successful  	[MsgId: MMSG-26392]
Action.c(14): web_add_header("Sec-Fetch-User") started  	[MsgId: MMSG-26355]
Action.c(14): web_add_header("Sec-Fetch-User") was successful  	[MsgId: MMSG-26392]
Action.c(17): web_add_header("Upgrade-Insecure-Requests") started  	[MsgId: MMSG-26355]
Action.c(17): web_add_header("Upgrade-Insecure-Requests") was successful  	[MsgId: MMSG-26392]
Action.c(20): web_url("www.vfsglobalirelandvisa.com") started  	[MsgId: MMSG-26355]
Action.c(20): Error -27792: Failed to connect to server "www.vfsglobalirelandvisa.com:443": [10060] Connection timed out  	[MsgId: MERR-27792]
End auto log messages stack.	[MsgId: MMSG-10544]


Start auto log messages stack - Iteration 3.	[MsgId: MMSG-10545]
Action.c(8): web_add_auto_header("Sec-Fetch-Site") was successful  	[MsgId: MMSG-26392]
Action.c(11): web_add_auto_header("Sec-Fetch-Mode") started  	[MsgId: MMSG-26355]
Action.c(11): web_add_auto_header("Sec-Fetch-Mode") was successful  	[MsgId: MMSG-26392]
Action.c(14): web_add_header("Sec-Fetch-User") started  	[MsgId: MMSG-26355]
Action.c(14): web_add_header("Sec-Fetch-User") was successful  	[MsgId: MMSG-26392]
Action.c(17): web_add_header("Upgrade-Insecure-Requests") started  	[MsgId: MMSG-26355]
Action.c(17): web_add_header("Upgrade-Insecure-Requests") was successful  	[MsgId: MMSG-26392]
Action.c(20): web_url("www.vfsglobalirelandvisa.com") started  	[MsgId: MMSG-26355]
Action.c(20): Error -27792: Failed to connect to server "www.vfsglobalirelandvisa.com:443": [10060] Connection timed out  	[MsgId: MERR-27792]
End auto log messages stack.	[MsgId: MMSG-10544]


Start auto log messages stack - Iteration 4.	[MsgId: MMSG-10545]
Action.c(8): web_add_auto_header("Sec-Fetch-Site") was successful  	[MsgId: MMSG-26392]
Action.c(11): web_add_auto_header("Sec-Fetch-Mode") started  	[MsgId: MMSG-26355]
Action.c(11): web_add_auto_header("Sec-Fetch-Mode") was successful  	[MsgId: MMSG-26392]
Action.c(14): web_add_header("Sec-Fetch-User") started  	[MsgId: MMSG-26355]
Action.c(14): web_add_header("Sec-Fetch-User") was successful  	[MsgId: MMSG-26392]
Action.c(17): web_add_header("Upgrade-Insecure-Requests") started  	[MsgId: MMSG-26355]
Action.c(17): web_add_header("Upgrade-Insecure-Requests") was successful  	[MsgId: MMSG-26392]
Action.c(20): web_url("www.vfsglobalirelandvisa.com") started  	[MsgId: MMSG-26355]
Action.c(20): Error -27792: Failed to connect to server "www.vfsglobalirelandvisa.com:443": [10060] Connection timed out  	[MsgId: MERR-27792]
End auto log messages stack.	[MsgId: MMSG-10544]


Start auto log messages stack - Iteration 2.	[MsgId: MMSG-10545]
Action.c(20): Found resource "https://www.vfsglobalirelandvisa.com/images/peru.jpg" in HTML "https://www.vfsglobalirelandvisa.com/"  	[MsgId: MMSG-26659]
Action.c(20): Found resource "https://www.vfsglobalirelandvisa.com/images/qatar.jpg" in HTML "https://www.vfsglobalirelandvisa.com/"  	[MsgId: MMSG-26659]
Action.c(20): Found resource "https://www.vfsglobalirelandvisa.com/images/turkey.jpg" in HTML "https://www.vfsglobalirelandvisa.com/"  	[MsgId: MMSG-26659]
Action.c(20): Downloading resource "https://www.vfsglobalirelandvisa.com/images/ireland.png" (specified by argument number 9)  	[MsgId: MMSG-26577]
Action.c(20): Downloading resource "https://www.vfsglobalirelandvisa.com/images/bg.png" (specified by argument number 12)  	[MsgId: MMSG-26577]
Action.c(20): Error -27720: Step download timeout (120 seconds) has expired when downloading resource "https://www.vfsglobalirelandvisa.com/images/ireland.png". Set the "Step Timeout caused by resources is a warning" Runtime Setting to Yes/No to have this message as a warning/error, respectively  	[MsgId: MERR-27720]
End auto log messages stack.	[MsgId: MMSG-10544]


Start auto log messages stack - Iteration 2.	[MsgId: MMSG-10545]
Action.c(8): web_add_auto_header("Sec-Fetch-Site") was successful  	[MsgId: MMSG-26392]
Action.c(11): web_add_auto_header("Sec-Fetch-Mode") started  	[MsgId: MMSG-26355]
Action.c(11): web_add_auto_header("Sec-Fetch-Mode") was successful  	[MsgId: MMSG-26392]
Action.c(14): web_add_header("Sec-Fetch-User") started  	[MsgId: MMSG-26355]
Action.c(14): web_add_header("Sec-Fetch-User") was successful  	[MsgId: MMSG-26392]
Action.c(17): web_add_header("Upgrade-Insecure-Requests") started  	[MsgId: MMSG-26355]
Action.c(17): web_add_header("Upgrade-Insecure-Requests") was successful  	[MsgId: MMSG-26392]
Action.c(20): web_url("www.vfsglobalirelandvisa.com") started  	[MsgId: MMSG-26355]
Action.c(20): Error -27792: Failed to connect to server "www.vfsglobalirelandvisa.com:443": [10060] Connection timed out  	[MsgId: MERR-27792]
End auto log messages stack.	[MsgId: MMSG-10544]


Start auto log messages stack - Iteration 3.	[MsgId: MMSG-10545]
Action.c(20): Found resource "https://www.vfsglobalirelandvisa.com/images/peru.jpg" in HTML "https://www.vfsglobalirelandvisa.com/"  	[MsgId: MMSG-26659]
Action.c(20): Found resource "https://www.vfsglobalirelandvisa.com/images/qatar.jpg" in HTML "https://www.vfsglobalirelandvisa.com/"  	[MsgId: MMSG-26659]
Action.c(20): Found resource "https://www.vfsglobalirelandvisa.com/images/turkey.jpg" in HTML "https://www.vfsglobalirelandvisa.com/"  	[MsgId: MMSG-26659]
Action.c(20): Downloading resource "https://www.vfsglobalirelandvisa.com/images/ireland.png" (specified by argument number 9)  	[MsgId: MMSG-26577]
Action.c(20): Downloading resource "https://www.vfsglobalirelandvisa.com/images/bg.png" (specified by argument number 12)  	[MsgId: MMSG-26577]
Action.c(20): Error -27720: Step download timeout (120 seconds) has expired when downloading resource "https://www.vfsglobalirelandvisa.com/images/ireland.png". Set the "Step Timeout caused by resources is a warning" Runtime Setting to Yes/No to have this message as a warning/error, respectively  	[MsgId: MERR-27720]
End auto log messages stack.	[MsgId: MMSG-10544]


Start auto log messages stack - Iteration 2.	[MsgId: MMSG-10545]
Action.c(8): web_add_auto_header("Sec-Fetch-Site") was successful  	[MsgId: MMSG-26392]
Action.c(11): web_add_auto_header("Sec-Fetch-Mode") started  	[MsgId: MMSG-26355]
Action.c(11): web_add_auto_header("Sec-Fetch-Mode") was successful  	[MsgId: MMSG-26392]
Action.c(14): web_add_header("Sec-Fetch-User") started  	[MsgId: MMSG-26355]
Action.c(14): web_add_header("Sec-Fetch-User") was successful  	[MsgId: MMSG-26392]
Action.c(17): web_add_header("Upgrade-Insecure-Requests") started  	[MsgId: MMSG-26355]
Action.c(17): web_add_header("Upgrade-Insecure-Requests") was successful  	[MsgId: MMSG-26392]
Action.c(20): web_url("www.vfsglobalirelandvisa.com") started  	[MsgId: MMSG-26355]
Action.c(20): Error -27792: Failed to connect to server "www.vfsglobalirelandvisa.com:443": [10060] Connection timed out  	[MsgId: MERR-27792]
End auto log messages stack.	[MsgId: MMSG-10544]


Start auto log messages stack - Iteration 3.	[MsgId: MMSG-10545]
Action.c(8): web_add_auto_header("Sec-Fetch-Site") was successful  	[MsgId: MMSG-26392]
Action.c(11): web_add_auto_header("Sec-Fetch-Mode") started  	[MsgId: MMSG-26355]
Action.c(11): web_add_auto_header("Sec-Fetch-Mode") was successful  	[MsgId: MMSG-26392]
Action.c(14): web_add_header("Sec-Fetch-User") started  	[MsgId: MMSG-26355]
Action.c(14): web_add_header("Sec-Fetch-User") was successful  	[MsgId: MMSG-26392]
Action.c(17): web_add_header("Upgrade-Insecure-Requests") started  	[MsgId: MMSG-26355]
Action.c(17): web_add_header("Upgrade-Insecure-Requests") was successful  	[MsgId: MMSG-26392]
Action.c(20): web_url("www.vfsglobalirelandvisa.com") started  	[MsgId: MMSG-26355]
Action.c(20): Error -27792: Failed to connect to server "www.vfsglobalirelandvisa.com:443": [10060] Connection timed out  	[MsgId: MERR-27792]
End auto log messages stack.	[MsgId: MMSG-10544]


Start auto log messages stack - Iteration 4.	[MsgId: MMSG-10545]
Action.c(8): web_add_auto_header("Sec-Fetch-Site") was successful  	[MsgId: MMSG-26392]
Action.c(11): web_add_auto_header("Sec-Fetch-Mode") started  	[MsgId: MMSG-26355]
Action.c(11): web_add_auto_header("Sec-Fetch-Mode") was successful  	[MsgId: MMSG-26392]
Action.c(14): web_add_header("Sec-Fetch-User") started  	[MsgId: MMSG-26355]
Action.c(14): web_add_header("Sec-Fetch-User") was successful  	[MsgId: MMSG-26392]
Action.c(17): web_add_header("Upgrade-Insecure-Requests") started  	[MsgId: MMSG-26355]
Action.c(17): web_add_header("Upgrade-Insecure-Requests") was successful  	[MsgId: MMSG-26392]
Action.c(20): web_url("www.vfsglobalirelandvisa.com") started  	[MsgId: MMSG-26355]
Action.c(20): Error -27792: Failed to connect to server "www.vfsglobalirelandvisa.com:443": [10060] Connection timed out  	[MsgId: MERR-27792]
End auto log messages stack.	[MsgId: MMSG-10544]


Start auto log messages stack - Iteration 4.	[MsgId: MMSG-10545]
Action.c(8): web_add_auto_header("Sec-Fetch-Site") was successful  	[MsgId: MMSG-26392]
Action.c(11): web_add_auto_header("Sec-Fetch-Mode") started  	[MsgId: MMSG-26355]
Action.c(11): web_add_auto_header("Sec-Fetch-Mode") was successful  	[MsgId: MMSG-26392]
Action.c(14): web_add_header("Sec-Fetch-User") started  	[MsgId: MMSG-26355]
Action.c(14): web_add_header("Sec-Fetch-User") was successful  	[MsgId: MMSG-26392]
Action.c(17): web_add_header("Upgrade-Insecure-Requests") started  	[MsgId: MMSG-26355]
Action.c(17): web_add_header("Upgrade-Insecure-Requests") was successful  	[MsgId: MMSG-26392]
Action.c(20): web_url("www.vfsglobalirelandvisa.com") started  	[MsgId: MMSG-26355]
Action.c(20): Error -27792: Failed to connect to server "www.vfsglobalirelandvisa.com:443": [10060] Connection timed out  	[MsgId: MERR-27792]
End auto log messages stack.	[MsgId: MMSG-10544]


Start auto log messages stack - Iteration 4.	[MsgId: MMSG-10545]
Action.c(8): web_add_auto_header("Sec-Fetch-Site") was successful  	[MsgId: MMSG-26392]
Action.c(11): web_add_auto_header("Sec-Fetch-Mode") started  	[MsgId: MMSG-26355]
Action.c(11): web_add_auto_header("Sec-Fetch-Mode") was successful  	[MsgId: MMSG-26392]
Action.c(14): web_add_header("Sec-Fetch-User") started  	[MsgId: MMSG-26355]
Action.c(14): web_add_header("Sec-Fetch-User") was successful  	[MsgId: MMSG-26392]
Action.c(17): web_add_header("Upgrade-Insecure-Requests") started  	[MsgId: MMSG-26355]
Action.c(17): web_add_header("Upgrade-Insecure-Requests") was successful  	[MsgId: MMSG-26392]
Action.c(20): web_url("www.vfsglobalirelandvisa.com") started  	[MsgId: MMSG-26355]
Action.c(20): Error -27792: Failed to connect to server "www.vfsglobalirelandvisa.com:443": [10060] Connection timed out  	[MsgId: MERR-27792]
End auto log messages stack.	[MsgId: MMSG-10544]


Start auto log messages stack - Iteration 3.	[MsgId: MMSG-10545]
Action.c(8): web_add_auto_header("Sec-Fetch-Site") was successful  	[MsgId: MMSG-26392]
Action.c(11): web_add_auto_header("Sec-Fetch-Mode") started  	[MsgId: MMSG-26355]
Action.c(11): web_add_auto_header("Sec-Fetch-Mode") was successful  	[MsgId: MMSG-26392]
Action.c(14): web_add_header("Sec-Fetch-User") started  	[MsgId: MMSG-26355]
Action.c(14): web_add_header("Sec-Fetch-User") was successful  	[MsgId: MMSG-26392]
Action.c(17): web_add_header("Upgrade-Insecure-Requests") started  	[MsgId: MMSG-26355]
Action.c(17): web_add_header("Upgrade-Insecure-Requests") was successful  	[MsgId: MMSG-26392]
Action.c(20): web_url("www.vfsglobalirelandvisa.com") started  	[MsgId: MMSG-26355]
Action.c(20): Error -27792: Failed to connect to server "www.vfsglobalirelandvisa.com:443": [10060] Connection timed out  	[MsgId: MERR-27792]
End auto log messages stack.	[MsgId: MMSG-10544]


Start auto log messages stack - Iteration 3.	[MsgId: MMSG-10545]
Action.c(8): web_add_auto_header("Sec-Fetch-Site") was successful  	[MsgId: MMSG-26392]
Action.c(11): web_add_auto_header("Sec-Fetch-Mode") started  	[MsgId: MMSG-26355]
Action.c(11): web_add_auto_header("Sec-Fetch-Mode") was successful  	[MsgId: MMSG-26392]
Action.c(14): web_add_header("Sec-Fetch-User") started  	[MsgId: MMSG-26355]
Action.c(14): web_add_header("Sec-Fetch-User") was successful  	[MsgId: MMSG-26392]
Action.c(17): web_add_header("Upgrade-Insecure-Requests") started  	[MsgId: MMSG-26355]
Action.c(17): web_add_header("Upgrade-Insecure-Requests") was successful  	[MsgId: MMSG-26392]
Action.c(20): web_url("www.vfsglobalirelandvisa.com") started  	[MsgId: MMSG-26355]
Action.c(20): Error -27792: Failed to connect to server "www.vfsglobalirelandvisa.com:443": [10060] Connection timed out  	[MsgId: MERR-27792]
End auto log messages stack.	[MsgId: MMSG-10544]


Start auto log messages stack - Iteration 3.	[MsgId: MMSG-10545]
Action.c(8): web_add_auto_header("Sec-Fetch-Site") was successful  	[MsgId: MMSG-26392]
Action.c(11): web_add_auto_header("Sec-Fetch-Mode") started  	[MsgId: MMSG-26355]
Action.c(11): web_add_auto_header("Sec-Fetch-Mode") was successful  	[MsgId: MMSG-26392]
Action.c(14): web_add_header("Sec-Fetch-User") started  	[MsgId: MMSG-26355]
Action.c(14): web_add_header("Sec-Fetch-User") was successful  	[MsgId: MMSG-26392]
Action.c(17): web_add_header("Upgrade-Insecure-Requests") started  	[MsgId: MMSG-26355]
Action.c(17): web_add_header("Upgrade-Insecure-Requests") was successful  	[MsgId: MMSG-26392]
Action.c(20): web_url("www.vfsglobalirelandvisa.com") started  	[MsgId: MMSG-26355]
Action.c(20): Error -27792: Failed to connect to server "www.vfsglobalirelandvisa.com:443": [10060] Connection timed out  	[MsgId: MERR-27792]
End auto log messages stack.	[MsgId: MMSG-10544]


Start auto log messages stack - Iteration 4.	[MsgId: MMSG-10545]
Action.c(8): web_add_auto_header("Sec-Fetch-Site") was successful  	[MsgId: MMSG-26392]
Action.c(11): web_add_auto_header("Sec-Fetch-Mode") started  	[MsgId: MMSG-26355]
Action.c(11): web_add_auto_header("Sec-Fetch-Mode") was successful  	[MsgId: MMSG-26392]
Action.c(14): web_add_header("Sec-Fetch-User") started  	[MsgId: MMSG-26355]
Action.c(14): web_add_header("Sec-Fetch-User") was successful  	[MsgId: MMSG-26392]
Action.c(17): web_add_header("Upgrade-Insecure-Requests") started  	[MsgId: MMSG-26355]
Action.c(17): web_add_header("Upgrade-Insecure-Requests") was successful  	[MsgId: MMSG-26392]
Action.c(20): web_url("www.vfsglobalirelandvisa.com") started  	[MsgId: MMSG-26355]
Action.c(20): Error -27792: Failed to connect to server "www.vfsglobalirelandvisa.com:443": [10060] Connection timed out  	[MsgId: MERR-27792]
End auto log messages stack.	[MsgId: MMSG-10544]


Start auto log messages stack - Iteration 5.	[MsgId: MMSG-10545]
Action.c(8): web_add_auto_header("Sec-Fetch-Site") was successful  	[MsgId: MMSG-26392]
Action.c(11): web_add_auto_header("Sec-Fetch-Mode") started  	[MsgId: MMSG-26355]
Action.c(11): web_add_auto_header("Sec-Fetch-Mode") was successful  	[MsgId: MMSG-26392]
Action.c(14): web_add_header("Sec-Fetch-User") started  	[MsgId: MMSG-26355]
Action.c(14): web_add_header("Sec-Fetch-User") was successful  	[MsgId: MMSG-26392]
Action.c(17): web_add_header("Upgrade-Insecure-Requests") started  	[MsgId: MMSG-26355]
Action.c(17): web_add_header("Upgrade-Insecure-Requests") was successful  	[MsgId: MMSG-26392]
Action.c(20): web_url("www.vfsglobalirelandvisa.com") started  	[MsgId: MMSG-26355]
Action.c(20): Error -27792: Failed to connect to server "www.vfsglobalirelandvisa.com:443": [10060] Connection timed out  	[MsgId: MERR-27792]
End auto log messages stack.	[MsgId: MMSG-10544]


Start auto log messages stack - Iteration 5.	[MsgId: MMSG-10545]
Action.c(8): web_add_auto_header("Sec-Fetch-Site") was successful  	[MsgId: MMSG-26392]
Action.c(11): web_add_auto_header("Sec-Fetch-Mode") started  	[MsgId: MMSG-26355]
Action.c(11): web_add_auto_header("Sec-Fetch-Mode") was successful  	[MsgId: MMSG-26392]
Action.c(14): web_add_header("Sec-Fetch-User") started  	[MsgId: MMSG-26355]
Action.c(14): web_add_header("Sec-Fetch-User") was successful  	[MsgId: MMSG-26392]
Action.c(17): web_add_header("Upgrade-Insecure-Requests") started  	[MsgId: MMSG-26355]
Action.c(17): web_add_header("Upgrade-Insecure-Requests") was successful  	[MsgId: MMSG-26392]
Action.c(20): web_url("www.vfsglobalirelandvisa.com") started  	[MsgId: MMSG-26355]
Action.c(20): Error -27792: Failed to connect to server "www.vfsglobalirelandvisa.com:443": [10060] Connection timed out  	[MsgId: MERR-27792]
End auto log messages stack.	[MsgId: MMSG-10544]


Start auto log messages stack - Iteration 4.	[MsgId: MMSG-10545]
Action.c(8): web_add_auto_header("Sec-Fetch-Site") was successful  	[MsgId: MMSG-26392]
Action.c(11): web_add_auto_header("Sec-Fetch-Mode") started  	[MsgId: MMSG-26355]
Action.c(11): web_add_auto_header("Sec-Fetch-Mode") was successful  	[MsgId: MMSG-26392]
Action.c(14): web_add_header("Sec-Fetch-User") started  	[MsgId: MMSG-26355]
Action.c(14): web_add_header("Sec-Fetch-User") was successful  	[MsgId: MMSG-26392]
Action.c(17): web_add_header("Upgrade-Insecure-Requests") started  	[MsgId: MMSG-26355]
Action.c(17): web_add_header("Upgrade-Insecure-Requests") was successful  	[MsgId: MMSG-26392]
Action.c(20): web_url("www.vfsglobalirelandvisa.com") started  	[MsgId: MMSG-26355]
Action.c(20): Error -27792: Failed to connect to server "www.vfsglobalirelandvisa.com:443": [10060] Connection timed out  	[MsgId: MERR-27792]
End auto log messages stack.	[MsgId: MMSG-10544]


Start auto log messages stack - Iteration 4.	[MsgId: MMSG-10545]
Action.c(8): web_add_auto_header("Sec-Fetch-Site") was successful  	[MsgId: MMSG-26392]
Action.c(11): web_add_auto_header("Sec-Fetch-Mode") started  	[MsgId: MMSG-26355]
Action.c(11): web_add_auto_header("Sec-Fetch-Mode") was successful  	[MsgId: MMSG-26392]
Action.c(14): web_add_header("Sec-Fetch-User") started  	[MsgId: MMSG-26355]
Action.c(14): web_add_header("Sec-Fetch-User") was successful  	[MsgId: MMSG-26392]
Action.c(17): web_add_header("Upgrade-Insecure-Requests") started  	[MsgId: MMSG-26355]
Action.c(17): web_add_header("Upgrade-Insecure-Requests") was successful  	[MsgId: MMSG-26392]
Action.c(20): web_url("www.vfsglobalirelandvisa.com") started  	[MsgId: MMSG-26355]
Action.c(20): Error -27792: Failed to connect to server "www.vfsglobalirelandvisa.com:443": [10060] Connection timed out  	[MsgId: MERR-27792]
End auto log messages stack.	[MsgId: MMSG-10544]


Start auto log messages stack - Iteration 4.	[MsgId: MMSG-10545]
Action.c(8): web_add_auto_header("Sec-Fetch-Site") was successful  	[MsgId: MMSG-26392]
Action.c(11): web_add_auto_header("Sec-Fetch-Mode") started  	[MsgId: MMSG-26355]
Action.c(11): web_add_auto_header("Sec-Fetch-Mode") was successful  	[MsgId: MMSG-26392]
Action.c(14): web_add_header("Sec-Fetch-User") started  	[MsgId: MMSG-26355]
Action.c(14): web_add_header("Sec-Fetch-User") was successful  	[MsgId: MMSG-26392]
Action.c(17): web_add_header("Upgrade-Insecure-Requests") started  	[MsgId: MMSG-26355]
Action.c(17): web_add_header("Upgrade-Insecure-Requests") was successful  	[MsgId: MMSG-26392]
Action.c(20): web_url("www.vfsglobalirelandvisa.com") started  	[MsgId: MMSG-26355]
Action.c(20): Error -27792: Failed to connect to server "www.vfsglobalirelandvisa.com:443": [10060] Connection timed out  	[MsgId: MERR-27792]
End auto log messages stack.	[MsgId: MMSG-10544]


Start auto log messages stack - Iteration 5.	[MsgId: MMSG-10545]
Action.c(8): web_add_auto_header("Sec-Fetch-Site") was successful  	[MsgId: MMSG-26392]
Action.c(11): web_add_auto_header("Sec-Fetch-Mode") started  	[MsgId: MMSG-26355]
Action.c(11): web_add_auto_header("Sec-Fetch-Mode") was successful  	[MsgId: MMSG-26392]
Action.c(14): web_add_header("Sec-Fetch-User") started  	[MsgId: MMSG-26355]
Action.c(14): web_add_header("Sec-Fetch-User") was successful  	[MsgId: MMSG-26392]
Action.c(17): web_add_header("Upgrade-Insecure-Requests") started  	[MsgId: MMSG-26355]
Action.c(17): web_add_header("Upgrade-Insecure-Requests") was successful  	[MsgId: MMSG-26392]
Action.c(20): web_url("www.vfsglobalirelandvisa.com") started  	[MsgId: MMSG-26355]
Action.c(20): Error -27792: Failed to connect to server "www.vfsglobalirelandvisa.com:443": [10060] Connection timed out  	[MsgId: MERR-27792]
End auto log messages stack.	[MsgId: MMSG-10544]


Start auto log messages stack - Iteration 6.	[MsgId: MMSG-10545]
Action.c(8): web_add_auto_header("Sec-Fetch-Site") was successful  	[MsgId: MMSG-26392]
Action.c(11): web_add_auto_header("Sec-Fetch-Mode") started  	[MsgId: MMSG-26355]
Action.c(11): web_add_auto_header("Sec-Fetch-Mode") was successful  	[MsgId: MMSG-26392]
Action.c(14): web_add_header("Sec-Fetch-User") started  	[MsgId: MMSG-26355]
Action.c(14): web_add_header("Sec-Fetch-User") was successful  	[MsgId: MMSG-26392]
Action.c(17): web_add_header("Upgrade-Insecure-Requests") started  	[MsgId: MMSG-26355]
Action.c(17): web_add_header("Upgrade-Insecure-Requests") was successful  	[MsgId: MMSG-26392]
Action.c(20): web_url("www.vfsglobalirelandvisa.com") started  	[MsgId: MMSG-26355]
Action.c(20): Error -27792: Failed to connect to server "www.vfsglobalirelandvisa.com:443": [10060] Connection timed out  	[MsgId: MERR-27792]
End auto log messages stack.	[MsgId: MMSG-10544]


Start auto log messages stack - Iteration 6.	[MsgId: MMSG-10545]
Action.c(8): web_add_auto_header("Sec-Fetch-Site") was successful  	[MsgId: MMSG-26392]
Action.c(11): web_add_auto_header("Sec-Fetch-Mode") started  	[MsgId: MMSG-26355]
Action.c(11): web_add_auto_header("Sec-Fetch-Mode") was successful  	[MsgId: MMSG-26392]
Action.c(14): web_add_header("Sec-Fetch-User") started  	[MsgId: MMSG-26355]
Action.c(14): web_add_header("Sec-Fetch-User") was successful  	[MsgId: MMSG-26392]
Action.c(17): web_add_header("Upgrade-Insecure-Requests") started  	[MsgId: MMSG-26355]
Action.c(17): web_add_header("Upgrade-Insecure-Requests") was successful  	[MsgId: MMSG-26392]
Action.c(20): web_url("www.vfsglobalirelandvisa.com") started  	[MsgId: MMSG-26355]
Action.c(20): Error -27792: Failed to connect to server "www.vfsglobalirelandvisa.com:443": [10060] Connection timed out  	[MsgId: MERR-27792]
End auto log messages stack.	[MsgId: MMSG-10544]


Start auto log messages stack - Iteration 5.	[MsgId: MMSG-10545]
Action.c(8): web_add_auto_header("Sec-Fetch-Site") was successful  	[MsgId: MMSG-26392]
Action.c(11): web_add_auto_header("Sec-Fetch-Mode") started  	[MsgId: MMSG-26355]
Action.c(11): web_add_auto_header("Sec-Fetch-Mode") was successful  	[MsgId: MMSG-26392]
Action.c(14): web_add_header("Sec-Fetch-User") started  	[MsgId: MMSG-26355]
Action.c(14): web_add_header("Sec-Fetch-User") was successful  	[MsgId: MMSG-26392]
Action.c(17): web_add_header("Upgrade-Insecure-Requests") started  	[MsgId: MMSG-26355]
Action.c(17): web_add_header("Upgrade-Insecure-Requests") was successful  	[MsgId: MMSG-26392]
Action.c(20): web_url("www.vfsglobalirelandvisa.com") started  	[MsgId: MMSG-26355]
Action.c(20): Error -27792: Failed to connect to server "www.vfsglobalirelandvisa.com:443": [10060] Connection timed out  	[MsgId: MERR-27792]
End auto log messages stack.	[MsgId: MMSG-10544]


Start auto log messages stack - Iteration 5.	[MsgId: MMSG-10545]
Action.c(8): web_add_auto_header("Sec-Fetch-Site") was successful  	[MsgId: MMSG-26392]
Action.c(11): web_add_auto_header("Sec-Fetch-Mode") started  	[MsgId: MMSG-26355]
Action.c(11): web_add_auto_header("Sec-Fetch-Mode") was successful  	[MsgId: MMSG-26392]
Action.c(14): web_add_header("Sec-Fetch-User") started  	[MsgId: MMSG-26355]
Action.c(14): web_add_header("Sec-Fetch-User") was successful  	[MsgId: MMSG-26392]
Action.c(17): web_add_header("Upgrade-Insecure-Requests") started  	[MsgId: MMSG-26355]
Action.c(17): web_add_header("Upgrade-Insecure-Requests") was successful  	[MsgId: MMSG-26392]
Action.c(20): web_url("www.vfsglobalirelandvisa.com") started  	[MsgId: MMSG-26355]
Action.c(20): Error -27792: Failed to connect to server "www.vfsglobalirelandvisa.com:443": [10060] Connection timed out  	[MsgId: MERR-27792]
End auto log messages stack.	[MsgId: MMSG-10544]


Start auto log messages stack - Iteration 5.	[MsgId: MMSG-10545]
Action.c(8): web_add_auto_header("Sec-Fetch-Site") was successful  	[MsgId: MMSG-26392]
Action.c(11): web_add_auto_header("Sec-Fetch-Mode") started  	[MsgId: MMSG-26355]
Action.c(11): web_add_auto_header("Sec-Fetch-Mode") was successful  	[MsgId: MMSG-26392]
Action.c(14): web_add_header("Sec-Fetch-User") started  	[MsgId: MMSG-26355]
Action.c(14): web_add_header("Sec-Fetch-User") was successful  	[MsgId: MMSG-26392]
Action.c(17): web_add_header("Upgrade-Insecure-Requests") started  	[MsgId: MMSG-26355]
Action.c(17): web_add_header("Upgrade-Insecure-Requests") was successful  	[MsgId: MMSG-26392]
Action.c(20): web_url("www.vfsglobalirelandvisa.com") started  	[MsgId: MMSG-26355]
Action.c(20): Error -27792: Failed to connect to server "www.vfsglobalirelandvisa.com:443": [10060] Connection timed out  	[MsgId: MERR-27792]
End auto log messages stack.	[MsgId: MMSG-10544]


Start auto log messages stack - Iteration 6.	[MsgId: MMSG-10545]
Action.c(8): web_add_auto_header("Sec-Fetch-Site") was successful  	[MsgId: MMSG-26392]
Action.c(11): web_add_auto_header("Sec-Fetch-Mode") started  	[MsgId: MMSG-26355]
Action.c(11): web_add_auto_header("Sec-Fetch-Mode") was successful  	[MsgId: MMSG-26392]
Action.c(14): web_add_header("Sec-Fetch-User") started  	[MsgId: MMSG-26355]
Action.c(14): web_add_header("Sec-Fetch-User") was successful  	[MsgId: MMSG-26392]
Action.c(17): web_add_header("Upgrade-Insecure-Requests") started  	[MsgId: MMSG-26355]
Action.c(17): web_add_header("Upgrade-Insecure-Requests") was successful  	[MsgId: MMSG-26392]
Action.c(20): web_url("www.vfsglobalirelandvisa.com") started  	[MsgId: MMSG-26355]
Action.c(20): Error -27792: Failed to connect to server "www.vfsglobalirelandvisa.com:443": [10060] Connection timed out  	[MsgId: MERR-27792]
End auto log messages stack.	[MsgId: MMSG-10544]


Start auto log messages stack - Iteration 7.	[MsgId: MMSG-10545]
Action.c(8): web_add_auto_header("Sec-Fetch-Site") was successful  	[MsgId: MMSG-26392]
Action.c(11): web_add_auto_header("Sec-Fetch-Mode") started  	[MsgId: MMSG-26355]
Action.c(11): web_add_auto_header("Sec-Fetch-Mode") was successful  	[MsgId: MMSG-26392]
Action.c(14): web_add_header("Sec-Fetch-User") started  	[MsgId: MMSG-26355]
Action.c(14): web_add_header("Sec-Fetch-User") was successful  	[MsgId: MMSG-26392]
Action.c(17): web_add_header("Upgrade-Insecure-Requests") started  	[MsgId: MMSG-26355]
Action.c(17): web_add_header("Upgrade-Insecure-Requests") was successful  	[MsgId: MMSG-26392]
Action.c(20): web_url("www.vfsglobalirelandvisa.com") started  	[MsgId: MMSG-26355]
Action.c(20): Error -27792: Failed to connect to server "www.vfsglobalirelandvisa.com:443": [10060] Connection timed out  	[MsgId: MERR-27792]
End auto log messages stack.	[MsgId: MMSG-10544]


Start auto log messages stack - Iteration 6.	[MsgId: MMSG-10545]
Action.c(8): web_add_auto_header("Sec-Fetch-Site") was successful  	[MsgId: MMSG-26392]
Action.c(11): web_add_auto_header("Sec-Fetch-Mode") started  	[MsgId: MMSG-26355]
Action.c(11): web_add_auto_header("Sec-Fetch-Mode") was successful  	[MsgId: MMSG-26392]
Action.c(14): web_add_header("Sec-Fetch-User") started  	[MsgId: MMSG-26355]
Action.c(14): web_add_header("Sec-Fetch-User") was successful  	[MsgId: MMSG-26392]
Action.c(17): web_add_header("Upgrade-Insecure-Requests") started  	[MsgId: MMSG-26355]
Action.c(17): web_add_header("Upgrade-Insecure-Requests") was successful  	[MsgId: MMSG-26392]
Action.c(20): web_url("www.vfsglobalirelandvisa.com") started  	[MsgId: MMSG-26355]
Action.c(20): Error -27792: Failed to connect to server "www.vfsglobalirelandvisa.com:443": [10060] Connection timed out  	[MsgId: MERR-27792]
End auto log messages stack.	[MsgId: MMSG-10544]


Start auto log messages stack - Iteration 6.	[MsgId: MMSG-10545]
Action.c(8): web_add_auto_header("Sec-Fetch-Site") was successful  	[MsgId: MMSG-26392]
Action.c(11): web_add_auto_header("Sec-Fetch-Mode") started  	[MsgId: MMSG-26355]
Action.c(11): web_add_auto_header("Sec-Fetch-Mode") was successful  	[MsgId: MMSG-26392]
Action.c(14): web_add_header("Sec-Fetch-User") started  	[MsgId: MMSG-26355]
Action.c(14): web_add_header("Sec-Fetch-User") was successful  	[MsgId: MMSG-26392]
Action.c(17): web_add_header("Upgrade-Insecure-Requests") started  	[MsgId: MMSG-26355]
Action.c(17): web_add_header("Upgrade-Insecure-Requests") was successful  	[MsgId: MMSG-26392]
Action.c(20): web_url("www.vfsglobalirelandvisa.com") started  	[MsgId: MMSG-26355]
Action.c(20): Error -27792: Failed to connect to server "www.vfsglobalirelandvisa.com:443": [10060] Connection timed out  	[MsgId: MERR-27792]
End auto log messages stack.	[MsgId: MMSG-10544]


Start auto log messages stack - Iteration 6.	[MsgId: MMSG-10545]
Action.c(8): web_add_auto_header("Sec-Fetch-Site") was successful  	[MsgId: MMSG-26392]
Action.c(11): web_add_auto_header("Sec-Fetch-Mode") started  	[MsgId: MMSG-26355]
Action.c(11): web_add_auto_header("Sec-Fetch-Mode") was successful  	[MsgId: MMSG-26392]
Action.c(14): web_add_header("Sec-Fetch-User") started  	[MsgId: MMSG-26355]
Action.c(14): web_add_header("Sec-Fetch-User") was successful  	[MsgId: MMSG-26392]
Action.c(17): web_add_header("Upgrade-Insecure-Requests") started  	[MsgId: MMSG-26355]
Action.c(17): web_add_header("Upgrade-Insecure-Requests") was successful  	[MsgId: MMSG-26392]
Action.c(20): web_url("www.vfsglobalirelandvisa.com") started  	[MsgId: MMSG-26355]
Action.c(20): Error -27792: Failed to connect to server "www.vfsglobalirelandvisa.com:443": [10060] Connection timed out  	[MsgId: MERR-27792]
End auto log messages stack.	[MsgId: MMSG-10544]


Start auto log messages stack - Iteration 7.	[MsgId: MMSG-10545]
Action.c(8): web_add_auto_header("Sec-Fetch-Site") was successful  	[MsgId: MMSG-26392]
Action.c(11): web_add_auto_header("Sec-Fetch-Mode") started  	[MsgId: MMSG-26355]
Action.c(11): web_add_auto_header("Sec-Fetch-Mode") was successful  	[MsgId: MMSG-26392]
Action.c(14): web_add_header("Sec-Fetch-User") started  	[MsgId: MMSG-26355]
Action.c(14): web_add_header("Sec-Fetch-User") was successful  	[MsgId: MMSG-26392]
Action.c(17): web_add_header("Upgrade-Insecure-Requests") started  	[MsgId: MMSG-26355]
Action.c(17): web_add_header("Upgrade-Insecure-Requests") was successful  	[MsgId: MMSG-26392]
Action.c(20): web_url("www.vfsglobalirelandvisa.com") started  	[MsgId: MMSG-26355]
Action.c(20): Error -27792: Failed to connect to server "www.vfsglobalirelandvisa.com:443": [10060] Connection timed out  	[MsgId: MERR-27792]
End auto log messages stack.	[MsgId: MMSG-10544]


Start auto log messages stack - Iteration 7.	[MsgId: MMSG-10545]
Action.c(8): web_add_auto_header("Sec-Fetch-Site") was successful  	[MsgId: MMSG-26392]
Action.c(11): web_add_auto_header("Sec-Fetch-Mode") started  	[MsgId: MMSG-26355]
Action.c(11): web_add_auto_header("Sec-Fetch-Mode") was successful  	[MsgId: MMSG-26392]
Action.c(14): web_add_header("Sec-Fetch-User") started  	[MsgId: MMSG-26355]
Action.c(14): web_add_header("Sec-Fetch-User") was successful  	[MsgId: MMSG-26392]
Action.c(17): web_add_header("Upgrade-Insecure-Requests") started  	[MsgId: MMSG-26355]
Action.c(17): web_add_header("Upgrade-Insecure-Requests") was successful  	[MsgId: MMSG-26392]
Action.c(20): web_url("www.vfsglobalirelandvisa.com") started  	[MsgId: MMSG-26355]
Action.c(20): Error -27792: Failed to connect to server "www.vfsglobalirelandvisa.com:443": [10060] Connection timed out  	[MsgId: MERR-27792]
End auto log messages stack.	[MsgId: MMSG-10544]


Start auto log messages stack - Iteration 7.	[MsgId: MMSG-10545]
Action.c(8): web_add_auto_header("Sec-Fetch-Site") was successful  	[MsgId: MMSG-26392]
Action.c(11): web_add_auto_header("Sec-Fetch-Mode") started  	[MsgId: MMSG-26355]
Action.c(11): web_add_auto_header("Sec-Fetch-Mode") was successful  	[MsgId: MMSG-26392]
Action.c(14): web_add_header("Sec-Fetch-User") started  	[MsgId: MMSG-26355]
Action.c(14): web_add_header("Sec-Fetch-User") was successful  	[MsgId: MMSG-26392]
Action.c(17): web_add_header("Upgrade-Insecure-Requests") started  	[MsgId: MMSG-26355]
Action.c(17): web_add_header("Upgrade-Insecure-Requests") was successful  	[MsgId: MMSG-26392]
Action.c(20): web_url("www.vfsglobalirelandvisa.com") started  	[MsgId: MMSG-26355]
Action.c(20): Error -27792: Failed to connect to server "www.vfsglobalirelandvisa.com:443": [10060] Connection timed out  	[MsgId: MERR-27792]
End auto log messages stack.	[MsgId: MMSG-10544]


Start auto log messages stack - Iteration 7.	[MsgId: MMSG-10545]
Action.c(8): web_add_auto_header("Sec-Fetch-Site") was successful  	[MsgId: MMSG-26392]
Action.c(11): web_add_auto_header("Sec-Fetch-Mode") started  	[MsgId: MMSG-26355]
Action.c(11): web_add_auto_header("Sec-Fetch-Mode") was successful  	[MsgId: MMSG-26392]
Action.c(14): web_add_header("Sec-Fetch-User") started  	[MsgId: MMSG-26355]
Action.c(14): web_add_header("Sec-Fetch-User") was successful  	[MsgId: MMSG-26392]
Action.c(17): web_add_header("Upgrade-Insecure-Requests") started  	[MsgId: MMSG-26355]
Action.c(17): web_add_header("Upgrade-Insecure-Requests") was successful  	[MsgId: MMSG-26392]
Action.c(20): web_url("www.vfsglobalirelandvisa.com") started  	[MsgId: MMSG-26355]
Action.c(20): Error -27792: Failed to connect to server "www.vfsglobalirelandvisa.com:443": [10060] Connection timed out  	[MsgId: MERR-27792]
End auto log messages stack.	[MsgId: MMSG-10544]


Start auto log messages stack - Iteration 8.	[MsgId: MMSG-10545]
Action.c(8): web_add_auto_header("Sec-Fetch-Site") was successful  	[MsgId: MMSG-26392]
Action.c(11): web_add_auto_header("Sec-Fetch-Mode") started  	[MsgId: MMSG-26355]
Action.c(11): web_add_auto_header("Sec-Fetch-Mode") was successful  	[MsgId: MMSG-26392]
Action.c(14): web_add_header("Sec-Fetch-User") started  	[MsgId: MMSG-26355]
Action.c(14): web_add_header("Sec-Fetch-User") was successful  	[MsgId: MMSG-26392]
Action.c(17): web_add_header("Upgrade-Insecure-Requests") started  	[MsgId: MMSG-26355]
Action.c(17): web_add_header("Upgrade-Insecure-Requests") was successful  	[MsgId: MMSG-26392]
Action.c(20): web_url("www.vfsglobalirelandvisa.com") started  	[MsgId: MMSG-26355]
Action.c(20): Error -27792: Failed to connect to server "www.vfsglobalirelandvisa.com:443": [10060] Connection timed out  	[MsgId: MERR-27792]
End auto log messages stack.	[MsgId: MMSG-10544]


Start auto log messages stack - Iteration 8.	[MsgId: MMSG-10545]
Action.c(8): web_add_auto_header("Sec-Fetch-Site") was successful  	[MsgId: MMSG-26392]
Action.c(11): web_add_auto_header("Sec-Fetch-Mode") started  	[MsgId: MMSG-26355]
Action.c(11): web_add_auto_header("Sec-Fetch-Mode") was successful  	[MsgId: MMSG-26392]
Action.c(14): web_add_header("Sec-Fetch-User") started  	[MsgId: MMSG-26355]
Action.c(14): web_add_header("Sec-Fetch-User") was successful  	[MsgId: MMSG-26392]
Action.c(17): web_add_header("Upgrade-Insecure-Requests") started  	[MsgId: MMSG-26355]
Action.c(17): web_add_header("Upgrade-Insecure-Requests") was successful  	[MsgId: MMSG-26392]
Action.c(20): web_url("www.vfsglobalirelandvisa.com") started  	[MsgId: MMSG-26355]
Action.c(20): Error -27792: Failed to connect to server "www.vfsglobalirelandvisa.com:443": [10060] Connection timed out  	[MsgId: MERR-27792]
End auto log messages stack.	[MsgId: MMSG-10544]


Start auto log messages stack - Iteration 8.	[MsgId: MMSG-10545]
Action.c(8): web_add_auto_header("Sec-Fetch-Site") was successful  	[MsgId: MMSG-26392]
Action.c(11): web_add_auto_header("Sec-Fetch-Mode") started  	[MsgId: MMSG-26355]
Action.c(11): web_add_auto_header("Sec-Fetch-Mode") was successful  	[MsgId: MMSG-26392]
Action.c(14): web_add_header("Sec-Fetch-User") started  	[MsgId: MMSG-26355]
Action.c(14): web_add_header("Sec-Fetch-User") was successful  	[MsgId: MMSG-26392]
Action.c(17): web_add_header("Upgrade-Insecure-Requests") started  	[MsgId: MMSG-26355]
Action.c(17): web_add_header("Upgrade-Insecure-Requests") was successful  	[MsgId: MMSG-26392]
Action.c(20): web_url("www.vfsglobalirelandvisa.com") started  	[MsgId: MMSG-26355]
Action.c(20): Error -27792: Failed to connect to server "www.vfsglobalirelandvisa.com:443": [10060] Connection timed out  	[MsgId: MERR-27792]
End auto log messages stack.	[MsgId: MMSG-10544]


Start auto log messages stack - Iteration 9.	[MsgId: MMSG-10545]
Action.c(8): web_add_auto_header("Sec-Fetch-Site") was successful  	[MsgId: MMSG-26392]
Action.c(11): web_add_auto_header("Sec-Fetch-Mode") started  	[MsgId: MMSG-26355]
Action.c(11): web_add_auto_header("Sec-Fetch-Mode") was successful  	[MsgId: MMSG-26392]
Action.c(14): web_add_header("Sec-Fetch-User") started  	[MsgId: MMSG-26355]
Action.c(14): web_add_header("Sec-Fetch-User") was successful  	[MsgId: MMSG-26392]
Action.c(17): web_add_header("Upgrade-Insecure-Requests") started  	[MsgId: MMSG-26355]
Action.c(17): web_add_header("Upgrade-Insecure-Requests") was successful  	[MsgId: MMSG-26392]
Action.c(20): web_url("www.vfsglobalirelandvisa.com") started  	[MsgId: MMSG-26355]
Action.c(20): Error -27792: Failed to connect to server "www.vfsglobalirelandvisa.com:443": [10060] Connection timed out  	[MsgId: MERR-27792]
End auto log messages stack.	[MsgId: MMSG-10544]


Start auto log messages stack - Iteration 9.	[MsgId: MMSG-10545]
Action.c(8): web_add_auto_header("Sec-Fetch-Site") was successful  	[MsgId: MMSG-26392]
Action.c(11): web_add_auto_header("Sec-Fetch-Mode") started  	[MsgId: MMSG-26355]
Action.c(11): web_add_auto_header("Sec-Fetch-Mode") was successful  	[MsgId: MMSG-26392]
Action.c(14): web_add_header("Sec-Fetch-User") started  	[MsgId: MMSG-26355]
Action.c(14): web_add_header("Sec-Fetch-User") was successful  	[MsgId: MMSG-26392]
Action.c(17): web_add_header("Upgrade-Insecure-Requests") started  	[MsgId: MMSG-26355]
Action.c(17): web_add_header("Upgrade-Insecure-Requests") was successful  	[MsgId: MMSG-26392]
Action.c(20): web_url("www.vfsglobalirelandvisa.com") started  	[MsgId: MMSG-26355]
Action.c(20): Error -27792: Failed to connect to server "www.vfsglobalirelandvisa.com:443": [10060] Connection timed out  	[MsgId: MERR-27792]
End auto log messages stack.	[MsgId: MMSG-10544]


Start auto log messages stack - Iteration 9.	[MsgId: MMSG-10545]
Action.c(8): web_add_auto_header("Sec-Fetch-Site") was successful  	[MsgId: MMSG-26392]
Action.c(11): web_add_auto_header("Sec-Fetch-Mode") started  	[MsgId: MMSG-26355]
Action.c(11): web_add_auto_header("Sec-Fetch-Mode") was successful  	[MsgId: MMSG-26392]
Action.c(14): web_add_header("Sec-Fetch-User") started  	[MsgId: MMSG-26355]
Action.c(14): web_add_header("Sec-Fetch-User") was successful  	[MsgId: MMSG-26392]
Action.c(17): web_add_header("Upgrade-Insecure-Requests") started  	[MsgId: MMSG-26355]
Action.c(17): web_add_header("Upgrade-Insecure-Requests") was successful  	[MsgId: MMSG-26392]
Action.c(20): web_url("www.vfsglobalirelandvisa.com") started  	[MsgId: MMSG-26355]
Action.c(20): Error -27792: Failed to connect to server "www.vfsglobalirelandvisa.com:443": [10060] Connection timed out  	[MsgId: MERR-27792]
End auto log messages stack.	[MsgId: MMSG-10544]


Start auto log messages stack - Iteration 10.	[MsgId: MMSG-10545]
Action.c(8): web_add_auto_header("Sec-Fetch-Site") was successful  	[MsgId: MMSG-26392]
Action.c(11): web_add_auto_header("Sec-Fetch-Mode") started  	[MsgId: MMSG-26355]
Action.c(11): web_add_auto_header("Sec-Fetch-Mode") was successful  	[MsgId: MMSG-26392]
Action.c(14): web_add_header("Sec-Fetch-User") started  	[MsgId: MMSG-26355]
Action.c(14): web_add_header("Sec-Fetch-User") was successful  	[MsgId: MMSG-26392]
Action.c(17): web_add_header("Upgrade-Insecure-Requests") started  	[MsgId: MMSG-26355]
Action.c(17): web_add_header("Upgrade-Insecure-Requests") was successful  	[MsgId: MMSG-26392]
Action.c(20): web_url("www.vfsglobalirelandvisa.com") started  	[MsgId: MMSG-26355]
Action.c(20): Error -27792: Failed to connect to server "www.vfsglobalirelandvisa.com:443": [10060] Connection timed out  	[MsgId: MERR-27792]
End auto log messages stack.	[MsgId: MMSG-10544]


Start auto log messages stack - Iteration 10.	[MsgId: MMSG-10545]
Action.c(8): web_add_auto_header("Sec-Fetch-Site") was successful  	[MsgId: MMSG-26392]
Action.c(11): web_add_auto_header("Sec-Fetch-Mode") started  	[MsgId: MMSG-26355]
Action.c(11): web_add_auto_header("Sec-Fetch-Mode") was successful  	[MsgId: MMSG-26392]
Action.c(14): web_add_header("Sec-Fetch-User") started  	[MsgId: MMSG-26355]
Action.c(14): web_add_header("Sec-Fetch-User") was successful  	[MsgId: MMSG-26392]
Action.c(17): web_add_header("Upgrade-Insecure-Requests") started  	[MsgId: MMSG-26355]
Action.c(17): web_add_header("Upgrade-Insecure-Requests") was successful  	[MsgId: MMSG-26392]
Action.c(20): web_url("www.vfsglobalirelandvisa.com") started  	[MsgId: MMSG-26355]
Action.c(20): Error -27792: Failed to connect to server "www.vfsglobalirelandvisa.com:443": [10060] Connection timed out  	[MsgId: MERR-27792]
End auto log messages stack.	[MsgId: MMSG-10544]


Start auto log messages stack - Iteration 11.	[MsgId: MMSG-10545]
Action.c(11): web_add_auto_header("Sec-Fetch-Mode") started  	[MsgId: MMSG-26355]
Action.c(11): web_add_auto_header("Sec-Fetch-Mode") was successful  	[MsgId: MMSG-26392]
Action.c(14): web_add_header("Sec-Fetch-User") started  	[MsgId: MMSG-26355]
Action.c(14): web_add_header("Sec-Fetch-User") was successful  	[MsgId: MMSG-26392]
Action.c(17): web_add_header("Upgrade-Insecure-Requests") started  	[MsgId: MMSG-26355]
Action.c(17): web_add_header("Upgrade-Insecure-Requests") was successful  	[MsgId: MMSG-26392]
Action.c(20): web_url("www.vfsglobalirelandvisa.com") started  	[MsgId: MMSG-26355]
Action.c(20): ssl_handle_status encounter error : SSL_ERROR_SYSCALL, error id : 0  	[MsgId: MMSG-26000]
Action.c(20): Error -27776: [GENERAL_MSG_CAT_SSL_ERROR]connect to host "www.vfsglobalirelandvisa.com" failed: [10054] Connection reset by peer
This is probably because the SSL protocol version is not supported. Try switching the TLS/SSL version using "web_set_sockets_option" API.  	[MsgId: MERR-27776]
End auto log messages stack.	[MsgId: MMSG-10544]


